{"user":"ZC","time":"2022/1/8 下午7:26:52","message":"{\"name\":\"renameFile\",\"type\":\"log\",\"arguments\":{\"0\":\"C:\\\\Users\\\\ZC\\\\Documents\\\\project\\\\node-project\\\\pzc-toolkit\\\\src\\\\plugins\\\\jscodemods\\\\arrow-function-arguments.js\",\"1\":\"C:\\\\Users\\\\ZC\\\\Documents\\\\project\\\\node-project\\\\pzc-toolkit\\\\src\\\\plugins\\\\jscodemods\\\\arrow-function-arguments.ts\"}}"}
-------------------------------------------------------------------------------------------------------------------------------------------------------------------------------------------------------
{"user":"ZC","time":"2022/1/8 下午7:26:52","message":"{\"name\":\"renameFile\",\"type\":\"log\",\"arguments\":{\"0\":\"C:\\\\Users\\\\ZC\\\\Documents\\\\project\\\\node-project\\\\pzc-toolkit\\\\src\\\\plugins\\\\jscodemods\\\\arrow-function.js\",\"1\":\"C:\\\\Users\\\\ZC\\\\Documents\\\\project\\\\node-project\\\\pzc-toolkit\\\\src\\\\plugins\\\\jscodemods\\\\arrow-function.ts\"}}"}
-------------------------------------------------------------------------------------------------------------------------------------------------------------------------------------------------------
{"user":"ZC","time":"2022/1/8 下午7:26:52","message":"{\"name\":\"renameFile\",\"type\":\"log\",\"arguments\":{\"0\":\"C:\\\\Users\\\\ZC\\\\Documents\\\\project\\\\node-project\\\\pzc-toolkit\\\\src\\\\plugins\\\\jscodemods\\\\exchangeMethodSign.js\",\"1\":\"C:\\\\Users\\\\ZC\\\\Documents\\\\project\\\\node-project\\\\pzc-toolkit\\\\src\\\\plugins\\\\jscodemods\\\\exchangeMethodSign.ts\"}}"}
-------------------------------------------------------------------------------------------------------------------------------------------------------------------------------------------------------
{"user":"ZC","time":"2022/1/8 下午7:26:52","message":"{\"name\":\"renameFile\",\"type\":\"log\",\"arguments\":{\"0\":\"C:\\\\Users\\\\ZC\\\\Documents\\\\project\\\\node-project\\\\pzc-toolkit\\\\src\\\\plugins\\\\jscodemods\\\\expect.js\",\"1\":\"C:\\\\Users\\\\ZC\\\\Documents\\\\project\\\\node-project\\\\pzc-toolkit\\\\src\\\\plugins\\\\jscodemods\\\\expect.ts\"}}"}
-------------------------------------------------------------------------------------------------------------------------------------------------------------------------------------------------------
{"user":"ZC","time":"2022/1/8 下午7:26:52","message":"{\"name\":\"renameFile\",\"type\":\"log\",\"arguments\":{\"0\":\"C:\\\\Users\\\\ZC\\\\Documents\\\\project\\\\node-project\\\\pzc-toolkit\\\\src\\\\plugins\\\\jscodemods\\\\flow-bool-to-boolean.js\",\"1\":\"C:\\\\Users\\\\ZC\\\\Documents\\\\project\\\\node-project\\\\pzc-toolkit\\\\src\\\\plugins\\\\jscodemods\\\\flow-bool-to-boolean.ts\"}}"}
-------------------------------------------------------------------------------------------------------------------------------------------------------------------------------------------------------
{"user":"ZC","time":"2022/1/8 下午7:26:52","message":"{\"name\":\"renameFile\",\"type\":\"log\",\"arguments\":{\"0\":\"C:\\\\Users\\\\ZC\\\\Documents\\\\project\\\\node-project\\\\pzc-toolkit\\\\src\\\\plugins\\\\jscodemods\\\\invalid-requires.js\",\"1\":\"C:\\\\Users\\\\ZC\\\\Documents\\\\project\\\\node-project\\\\pzc-toolkit\\\\src\\\\plugins\\\\jscodemods\\\\invalid-requires.ts\"}}"}
-------------------------------------------------------------------------------------------------------------------------------------------------------------------------------------------------------
{"user":"ZC","time":"2022/1/8 下午7:26:52","message":"{\"name\":\"renameFile\",\"type\":\"log\",\"arguments\":{\"0\":\"C:\\\\Users\\\\ZC\\\\Documents\\\\project\\\\node-project\\\\pzc-toolkit\\\\src\\\\plugins\\\\jscodemods\\\\jest-11-update.js\",\"1\":\"C:\\\\Users\\\\ZC\\\\Documents\\\\project\\\\node-project\\\\pzc-toolkit\\\\src\\\\plugins\\\\jscodemods\\\\jest-11-update.ts\"}}"}
-------------------------------------------------------------------------------------------------------------------------------------------------------------------------------------------------------
{"user":"ZC","time":"2022/1/8 下午7:26:52","message":"{\"name\":\"renameFile\",\"type\":\"log\",\"arguments\":{\"0\":\"C:\\\\Users\\\\ZC\\\\Documents\\\\project\\\\node-project\\\\pzc-toolkit\\\\src\\\\plugins\\\\jscodemods\\\\jest-arrow.js\",\"1\":\"C:\\\\Users\\\\ZC\\\\Documents\\\\project\\\\node-project\\\\pzc-toolkit\\\\src\\\\plugins\\\\jscodemods\\\\jest-arrow.ts\"}}"}
-------------------------------------------------------------------------------------------------------------------------------------------------------------------------------------------------------
{"user":"ZC","time":"2022/1/8 下午7:26:52","message":"{\"name\":\"renameFile\",\"type\":\"log\",\"arguments\":{\"0\":\"C:\\\\Users\\\\ZC\\\\Documents\\\\project\\\\node-project\\\\pzc-toolkit\\\\src\\\\plugins\\\\jscodemods\\\\jest-remove-describe.js\",\"1\":\"C:\\\\Users\\\\ZC\\\\Documents\\\\project\\\\node-project\\\\pzc-toolkit\\\\src\\\\plugins\\\\jscodemods\\\\jest-remove-describe.ts\"}}"}
-------------------------------------------------------------------------------------------------------------------------------------------------------------------------------------------------------
{"user":"ZC","time":"2022/1/8 下午7:26:52","message":"{\"name\":\"renameFile\",\"type\":\"log\",\"arguments\":{\"0\":\"C:\\\\Users\\\\ZC\\\\Documents\\\\project\\\\node-project\\\\pzc-toolkit\\\\src\\\\plugins\\\\jscodemods\\\\jest-remove-disable-automock.js\",\"1\":\"C:\\\\Users\\\\ZC\\\\Documents\\\\project\\\\node-project\\\\pzc-toolkit\\\\src\\\\plugins\\\\jscodemods\\\\jest-remove-disable-automock.ts\"}}"}
-------------------------------------------------------------------------------------------------------------------------------------------------------------------------------------------------------
{"user":"ZC","time":"2022/1/8 下午7:26:52","message":"{\"name\":\"renameFile\",\"type\":\"log\",\"arguments\":{\"0\":\"C:\\\\Users\\\\ZC\\\\Documents\\\\project\\\\node-project\\\\pzc-toolkit\\\\src\\\\plugins\\\\jscodemods\\\\jest-rm-mock.js\",\"1\":\"C:\\\\Users\\\\ZC\\\\Documents\\\\project\\\\node-project\\\\pzc-toolkit\\\\src\\\\plugins\\\\jscodemods\\\\jest-rm-mock.ts\"}}"}
-------------------------------------------------------------------------------------------------------------------------------------------------------------------------------------------------------
{"user":"ZC","time":"2022/1/8 下午7:26:52","message":"{\"name\":\"renameFile\",\"type\":\"log\",\"arguments\":{\"0\":\"C:\\\\Users\\\\ZC\\\\Documents\\\\project\\\\node-project\\\\pzc-toolkit\\\\src\\\\plugins\\\\jscodemods\\\\jest-update.js\",\"1\":\"C:\\\\Users\\\\ZC\\\\Documents\\\\project\\\\node-project\\\\pzc-toolkit\\\\src\\\\plugins\\\\jscodemods\\\\jest-update.ts\"}}"}
-------------------------------------------------------------------------------------------------------------------------------------------------------------------------------------------------------
{"user":"ZC","time":"2022/1/8 下午7:26:52","message":"{\"name\":\"renameFile\",\"type\":\"log\",\"arguments\":{\"0\":\"C:\\\\Users\\\\ZC\\\\Documents\\\\project\\\\node-project\\\\pzc-toolkit\\\\src\\\\plugins\\\\jscodemods\\\\no-reassign-params.js\",\"1\":\"C:\\\\Users\\\\ZC\\\\Documents\\\\project\\\\node-project\\\\pzc-toolkit\\\\src\\\\plugins\\\\jscodemods\\\\no-reassign-params.ts\"}}"}
-------------------------------------------------------------------------------------------------------------------------------------------------------------------------------------------------------
{"user":"ZC","time":"2022/1/8 下午7:26:52","message":"{\"name\":\"renameFile\",\"type\":\"log\",\"arguments\":{\"0\":\"C:\\\\Users\\\\ZC\\\\Documents\\\\project\\\\node-project\\\\pzc-toolkit\\\\src\\\\plugins\\\\jscodemods\\\\no-vars.js\",\"1\":\"C:\\\\Users\\\\ZC\\\\Documents\\\\project\\\\node-project\\\\pzc-toolkit\\\\src\\\\plugins\\\\jscodemods\\\\no-vars.ts\"}}"}
-------------------------------------------------------------------------------------------------------------------------------------------------------------------------------------------------------
{"user":"ZC","time":"2022/1/8 下午7:26:52","message":"{\"name\":\"renameFile\",\"type\":\"log\",\"arguments\":{\"0\":\"C:\\\\Users\\\\ZC\\\\Documents\\\\project\\\\node-project\\\\pzc-toolkit\\\\src\\\\plugins\\\\jscodemods\\\\object-shorthand.js\",\"1\":\"C:\\\\Users\\\\ZC\\\\Documents\\\\project\\\\node-project\\\\pzc-toolkit\\\\src\\\\plugins\\\\jscodemods\\\\object-shorthand.ts\"}}"}
-------------------------------------------------------------------------------------------------------------------------------------------------------------------------------------------------------
{"user":"ZC","time":"2022/1/8 下午7:26:52","message":"{\"name\":\"renameFile\",\"type\":\"log\",\"arguments\":{\"0\":\"C:\\\\Users\\\\ZC\\\\Documents\\\\project\\\\node-project\\\\pzc-toolkit\\\\src\\\\plugins\\\\jscodemods\\\\object-sort-key.js\",\"1\":\"C:\\\\Users\\\\ZC\\\\Documents\\\\project\\\\node-project\\\\pzc-toolkit\\\\src\\\\plugins\\\\jscodemods\\\\object-sort-key.ts\"}}"}
-------------------------------------------------------------------------------------------------------------------------------------------------------------------------------------------------------
{"user":"ZC","time":"2022/1/8 下午7:26:52","message":"{\"name\":\"renameFile\",\"type\":\"log\",\"arguments\":{\"0\":\"C:\\\\Users\\\\ZC\\\\Documents\\\\project\\\\node-project\\\\pzc-toolkit\\\\src\\\\plugins\\\\jscodemods\\\\outline-require.js\",\"1\":\"C:\\\\Users\\\\ZC\\\\Documents\\\\project\\\\node-project\\\\pzc-toolkit\\\\src\\\\plugins\\\\jscodemods\\\\outline-require.ts\"}}"}
-------------------------------------------------------------------------------------------------------------------------------------------------------------------------------------------------------
{"user":"ZC","time":"2022/1/8 下午7:26:52","message":"{\"name\":\"renameFile\",\"type\":\"log\",\"arguments\":{\"0\":\"C:\\\\Users\\\\ZC\\\\Documents\\\\project\\\\node-project\\\\pzc-toolkit\\\\src\\\\plugins\\\\jscodemods\\\\remove-consoles.js\",\"1\":\"C:\\\\Users\\\\ZC\\\\Documents\\\\project\\\\node-project\\\\pzc-toolkit\\\\src\\\\plugins\\\\jscodemods\\\\remove-consoles.ts\"}}"}
-------------------------------------------------------------------------------------------------------------------------------------------------------------------------------------------------------
{"user":"ZC","time":"2022/1/8 下午7:26:52","message":"{\"name\":\"renameFile\",\"type\":\"log\",\"arguments\":{\"0\":\"C:\\\\Users\\\\ZC\\\\Documents\\\\project\\\\node-project\\\\pzc-toolkit\\\\src\\\\plugins\\\\jscodemods\\\\rm-copyProperties.js\",\"1\":\"C:\\\\Users\\\\ZC\\\\Documents\\\\project\\\\node-project\\\\pzc-toolkit\\\\src\\\\plugins\\\\jscodemods\\\\rm-copyProperties.ts\"}}"}
-------------------------------------------------------------------------------------------------------------------------------------------------------------------------------------------------------
{"user":"ZC","time":"2022/1/8 下午7:26:52","message":"{\"name\":\"renameFile\",\"type\":\"log\",\"arguments\":{\"0\":\"C:\\\\Users\\\\ZC\\\\Documents\\\\project\\\\node-project\\\\pzc-toolkit\\\\src\\\\plugins\\\\jscodemods\\\\rm-merge.js\",\"1\":\"C:\\\\Users\\\\ZC\\\\Documents\\\\project\\\\node-project\\\\pzc-toolkit\\\\src\\\\plugins\\\\jscodemods\\\\rm-merge.ts\"}}"}
-------------------------------------------------------------------------------------------------------------------------------------------------------------------------------------------------------
{"user":"ZC","time":"2022/1/8 下午7:26:52","message":"{\"name\":\"renameFile\",\"type\":\"log\",\"arguments\":{\"0\":\"C:\\\\Users\\\\ZC\\\\Documents\\\\project\\\\node-project\\\\pzc-toolkit\\\\src\\\\plugins\\\\jscodemods\\\\rm-object-assign.js\",\"1\":\"C:\\\\Users\\\\ZC\\\\Documents\\\\project\\\\node-project\\\\pzc-toolkit\\\\src\\\\plugins\\\\jscodemods\\\\rm-object-assign.ts\"}}"}
-------------------------------------------------------------------------------------------------------------------------------------------------------------------------------------------------------
{"user":"ZC","time":"2022/1/8 下午7:26:52","message":"{\"name\":\"renameFile\",\"type\":\"log\",\"arguments\":{\"0\":\"C:\\\\Users\\\\ZC\\\\Documents\\\\project\\\\node-project\\\\pzc-toolkit\\\\src\\\\plugins\\\\jscodemods\\\\rm-requires.js\",\"1\":\"C:\\\\Users\\\\ZC\\\\Documents\\\\project\\\\node-project\\\\pzc-toolkit\\\\src\\\\plugins\\\\jscodemods\\\\rm-requires.ts\"}}"}
-------------------------------------------------------------------------------------------------------------------------------------------------------------------------------------------------------
{"user":"ZC","time":"2022/1/8 下午7:26:52","message":"{\"name\":\"renameFile\",\"type\":\"log\",\"arguments\":{\"0\":\"C:\\\\Users\\\\ZC\\\\Documents\\\\project\\\\node-project\\\\pzc-toolkit\\\\src\\\\plugins\\\\jscodemods\\\\signature-change.js\",\"1\":\"C:\\\\Users\\\\ZC\\\\Documents\\\\project\\\\node-project\\\\pzc-toolkit\\\\src\\\\plugins\\\\jscodemods\\\\signature-change.ts\"}}"}
-------------------------------------------------------------------------------------------------------------------------------------------------------------------------------------------------------
{"user":"ZC","time":"2022/1/8 下午7:26:52","message":"{\"name\":\"renameFile\",\"type\":\"log\",\"arguments\":{\"0\":\"C:\\\\Users\\\\ZC\\\\Documents\\\\project\\\\node-project\\\\pzc-toolkit\\\\src\\\\plugins\\\\jscodemods\\\\switch-sort.js\",\"1\":\"C:\\\\Users\\\\ZC\\\\Documents\\\\project\\\\node-project\\\\pzc-toolkit\\\\src\\\\plugins\\\\jscodemods\\\\switch-sort.ts\"}}"}
-------------------------------------------------------------------------------------------------------------------------------------------------------------------------------------------------------
{"user":"ZC","time":"2022/1/8 下午7:26:52","message":"{\"name\":\"renameFile\",\"type\":\"log\",\"arguments\":{\"0\":\"C:\\\\Users\\\\ZC\\\\Documents\\\\project\\\\node-project\\\\pzc-toolkit\\\\src\\\\plugins\\\\jscodemods\\\\template-literals.js\",\"1\":\"C:\\\\Users\\\\ZC\\\\Documents\\\\project\\\\node-project\\\\pzc-toolkit\\\\src\\\\plugins\\\\jscodemods\\\\template-literals.ts\"}}"}
-------------------------------------------------------------------------------------------------------------------------------------------------------------------------------------------------------
{"user":"ZC","time":"2022/1/8 下午7:26:52","message":"{\"name\":\"renameFile\",\"type\":\"log\",\"arguments\":{\"0\":\"C:\\\\Users\\\\ZC\\\\Documents\\\\project\\\\node-project\\\\pzc-toolkit\\\\src\\\\plugins\\\\jscodemods\\\\touchable.js\",\"1\":\"C:\\\\Users\\\\ZC\\\\Documents\\\\project\\\\node-project\\\\pzc-toolkit\\\\src\\\\plugins\\\\jscodemods\\\\touchable.ts\"}}"}
-------------------------------------------------------------------------------------------------------------------------------------------------------------------------------------------------------
{"user":"ZC","time":"2022/1/8 下午7:26:52","message":"{\"name\":\"renameFile\",\"type\":\"log\",\"arguments\":{\"0\":\"C:\\\\Users\\\\ZC\\\\Documents\\\\project\\\\node-project\\\\pzc-toolkit\\\\src\\\\plugins\\\\jscodemods\\\\trailing-commas.js\",\"1\":\"C:\\\\Users\\\\ZC\\\\Documents\\\\project\\\\node-project\\\\pzc-toolkit\\\\src\\\\plugins\\\\jscodemods\\\\trailing-commas.ts\"}}"}
-------------------------------------------------------------------------------------------------------------------------------------------------------------------------------------------------------
{"user":"ZC","time":"2022/1/8 下午7:26:52","message":"{\"name\":\"renameFile\",\"type\":\"log\",\"arguments\":{\"0\":\"C:\\\\Users\\\\ZC\\\\Documents\\\\project\\\\node-project\\\\pzc-toolkit\\\\src\\\\plugins\\\\jscodemods\\\\unchain-variables.js\",\"1\":\"C:\\\\Users\\\\ZC\\\\Documents\\\\project\\\\node-project\\\\pzc-toolkit\\\\src\\\\plugins\\\\jscodemods\\\\unchain-variables.ts\"}}"}
-------------------------------------------------------------------------------------------------------------------------------------------------------------------------------------------------------
{"user":"ZC","time":"2022/1/8 下午7:26:52","message":"{\"name\":\"renameFile\",\"type\":\"log\",\"arguments\":{\"0\":\"C:\\\\Users\\\\ZC\\\\Documents\\\\project\\\\node-project\\\\pzc-toolkit\\\\src\\\\plugins\\\\jscodemods\\\\underscore-to-lodash-native.js\",\"1\":\"C:\\\\Users\\\\ZC\\\\Documents\\\\project\\\\node-project\\\\pzc-toolkit\\\\src\\\\plugins\\\\jscodemods\\\\underscore-to-lodash-native.ts\"}}"}
-------------------------------------------------------------------------------------------------------------------------------------------------------------------------------------------------------
{"user":"ZC","time":"2022/1/8 下午7:26:52","message":"{\"name\":\"renameFile\",\"type\":\"log\",\"arguments\":{\"0\":\"C:\\\\Users\\\\ZC\\\\Documents\\\\project\\\\node-project\\\\pzc-toolkit\\\\src\\\\plugins\\\\jscodemods\\\\unquote-properties.js\",\"1\":\"C:\\\\Users\\\\ZC\\\\Documents\\\\project\\\\node-project\\\\pzc-toolkit\\\\src\\\\plugins\\\\jscodemods\\\\unquote-properties.ts\"}}"}
-------------------------------------------------------------------------------------------------------------------------------------------------------------------------------------------------------
{"user":"ZC","time":"2022/1/8 下午7:26:52","message":"{\"name\":\"renameFile\",\"type\":\"log\",\"arguments\":{\"0\":\"C:\\\\Users\\\\ZC\\\\Documents\\\\project\\\\node-project\\\\pzc-toolkit\\\\src\\\\plugins\\\\jscodemods\\\\updated-computed-props.js\",\"1\":\"C:\\\\Users\\\\ZC\\\\Documents\\\\project\\\\node-project\\\\pzc-toolkit\\\\src\\\\plugins\\\\jscodemods\\\\updated-computed-props.ts\"}}"}
-------------------------------------------------------------------------------------------------------------------------------------------------------------------------------------------------------
{"user":"ZC","time":"2022/1/8 下午7:26:52","message":"{\"name\":\"renameFile\",\"type\":\"log\",\"arguments\":{\"0\":\"C:\\\\Users\\\\ZC\\\\Documents\\\\project\\\\node-project\\\\pzc-toolkit\\\\src\\\\plugins\\\\jscodemods\\\\use-strict.js\",\"1\":\"C:\\\\Users\\\\ZC\\\\Documents\\\\project\\\\node-project\\\\pzc-toolkit\\\\src\\\\plugins\\\\jscodemods\\\\use-strict.ts\"}}"}
-------------------------------------------------------------------------------------------------------------------------------------------------------------------------------------------------------
{"user":"ZC","time":"2022/1/8 下午7:26:52","message":"{\"name\":\"renameFile\",\"type\":\"log\",\"arguments\":{\"0\":\"C:\\\\Users\\\\ZC\\\\Documents\\\\project\\\\node-project\\\\pzc-toolkit\\\\src\\\\query\\\\js\\\\stote-state.js\",\"1\":\"C:\\\\Users\\\\ZC\\\\Documents\\\\project\\\\node-project\\\\pzc-toolkit\\\\src\\\\query\\\\js\\\\stote-state.ts\"}}"}
-------------------------------------------------------------------------------------------------------------------------------------------------------------------------------------------------------
{"user":"ZC","time":"2022/1/8 下午7:26:52","message":"{\"name\":\"renameFile\",\"type\":\"log\",\"arguments\":{\"0\":\"C:\\\\Users\\\\ZC\\\\Documents\\\\project\\\\node-project\\\\pzc-toolkit\\\\src\\\\query\\\\json\\\\attrs-collection.json\",\"1\":\"C:\\\\Users\\\\ZC\\\\Documents\\\\project\\\\node-project\\\\pzc-toolkit\\\\src\\\\query\\\\json\\\\attrs-collection.ts\"}}"}
-------------------------------------------------------------------------------------------------------------------------------------------------------------------------------------------------------
{"user":"ZC","time":"2022/1/8 下午7:26:52","message":"{\"name\":\"renameFile\",\"type\":\"log\",\"arguments\":{\"0\":\"C:\\\\Users\\\\ZC\\\\Documents\\\\project\\\\node-project\\\\pzc-toolkit\\\\src\\\\query\\\\json\\\\files-group.json\",\"1\":\"C:\\\\Users\\\\ZC\\\\Documents\\\\project\\\\node-project\\\\pzc-toolkit\\\\src\\\\query\\\\json\\\\files-group.ts\"}}"}
-------------------------------------------------------------------------------------------------------------------------------------------------------------------------------------------------------
{"user":"ZC","time":"2022/1/8 下午7:26:52","message":"{\"name\":\"renameFile\",\"type\":\"log\",\"arguments\":{\"0\":\"C:\\\\Users\\\\ZC\\\\Documents\\\\project\\\\node-project\\\\pzc-toolkit\\\\src\\\\utils\\\\excel\\\\blob.js\",\"1\":\"C:\\\\Users\\\\ZC\\\\Documents\\\\project\\\\node-project\\\\pzc-toolkit\\\\src\\\\utils\\\\excel\\\\blob.ts\"}}"}
-------------------------------------------------------------------------------------------------------------------------------------------------------------------------------------------------------
{"user":"ZC","time":"2022/1/8 下午7:26:52","message":"{\"name\":\"renameFile\",\"type\":\"log\",\"arguments\":{\"0\":\"C:\\\\Users\\\\ZC\\\\Documents\\\\project\\\\node-project\\\\pzc-toolkit\\\\src\\\\utils\\\\excel\\\\export-to-excel.js\",\"1\":\"C:\\\\Users\\\\ZC\\\\Documents\\\\project\\\\node-project\\\\pzc-toolkit\\\\src\\\\utils\\\\excel\\\\export-to-excel.ts\"}}"}
-------------------------------------------------------------------------------------------------------------------------------------------------------------------------------------------------------
{"user":"ZC","time":"2022/1/8 下午7:26:52","message":"{\"name\":\"renameFile\",\"type\":\"log\",\"arguments\":{\"0\":\"C:\\\\Users\\\\ZC\\\\Documents\\\\project\\\\node-project\\\\pzc-toolkit\\\\src\\\\utils\\\\excel\\\\index.js\",\"1\":\"C:\\\\Users\\\\ZC\\\\Documents\\\\project\\\\node-project\\\\pzc-toolkit\\\\src\\\\utils\\\\excel\\\\index.ts\"}}"}
-------------------------------------------------------------------------------------------------------------------------------------------------------------------------------------------------------
{"user":"ZC","time":"2022/1/8 下午7:26:52","message":"{\"name\":\"renameFile\",\"type\":\"log\",\"arguments\":{\"0\":\"C:\\\\Users\\\\ZC\\\\Documents\\\\project\\\\node-project\\\\pzc-toolkit\\\\src\\\\utils\\\\generate-vue-docs\\\\index.js\",\"1\":\"C:\\\\Users\\\\ZC\\\\Documents\\\\project\\\\node-project\\\\pzc-toolkit\\\\src\\\\utils\\\\generate-vue-docs\\\\index.ts\"}}"}
-------------------------------------------------------------------------------------------------------------------------------------------------------------------------------------------------------
{"user":"ZC","time":"2022/1/8 下午7:26:52","message":"{\"name\":\"renameFile\",\"type\":\"log\",\"arguments\":{\"0\":\"C:\\\\Users\\\\ZC\\\\Documents\\\\project\\\\node-project\\\\pzc-toolkit\\\\src\\\\utils\\\\generate-vue-docs\\\\render.js\",\"1\":\"C:\\\\Users\\\\ZC\\\\Documents\\\\project\\\\node-project\\\\pzc-toolkit\\\\src\\\\utils\\\\generate-vue-docs\\\\render.ts\"}}"}
-------------------------------------------------------------------------------------------------------------------------------------------------------------------------------------------------------
